<?xml version="1.0" encoding="UTF-8"?>
<!-- Generated by org.testng.reporters.JUnitReportReporter -->
<testsuite skipped="0" hostname="DESKTOP-J82A1G4" name="org.isgn.testing.Indecomm" tests="4" failures="0" timestamp="28 Jul 2020 20:39:40 GMT" time="12.661" errors="0">
  <testcase name="tc1" time="0.293" classname="org.isgn.testing.Indecomm"/>
  <testcase name="tc4" time="12.056" classname="org.isgn.testing.Indecomm"/>
  <testcase name="tc3" time="0.149" classname="org.isgn.testing.Indecomm"/>
  <testcase name="tc2" time="0.163" classname="org.isgn.testing.Indecomm"/>
</testsuite> <!-- org.isgn.testing.Indecomm -->
